<?xml version="1.0" encoding="UTF-8"?>
<!-- Generated by org.testng.reporters.JUnitXMLReporter -->
<testsuite hostname="Pongi-Dell" ignored="0" name="Default test" tests="3" failures="0" timestamp="22 Jul 2019 06:41:19 GMT" time="3.021" errors="0">
  <testcase name="checkResponseBody" time="0.042" classname="employeeApi_TestCases.TC002_Get_Single_Empdata"/>
  <testcase name="checkResponseTime" time="0.002" classname="employeeApi_TestCases.TC002_Get_Single_Empdata"/>
  <testcase name="checkStatusCode" time="0.005" classname="employeeApi_TestCases.TC002_Get_Single_Empdata"/>
</testsuite> <!-- Default test -->
