<?xml version="1.0" encoding="UTF-8"?>
<!-- Generated by org.testng.reporters.JUnitXMLReporter -->
<testsuite hostname="Pongi-Dell" ignored="0" name="EmpRestAssuretTEst" tests="23" failures="1" timestamp="22 Jul 2019 09:49:09 GMT" time="18.312" errors="0">
  <testcase name="checkContentType" time="0.003" classname="employeeApi_TestCases.TC001_Get_All_Employee"/>
  <testcase name="checkCookies" time="0.001" classname="employeeApi_TestCases.TC001_Get_All_Employee"/>
  <testcase name="checkResponseBody" time="0.025" classname="employeeApi_TestCases.TC001_Get_All_Employee"/>
  <testcase name="checkResponseTime" time="0.002" classname="employeeApi_TestCases.TC001_Get_All_Employee"/>
  <testcase name="checkStatusCode" time="0.001" classname="employeeApi_TestCases.TC001_Get_All_Employee"/>
  <testcase name="checkcontentencoding" time="0.001" classname="employeeApi_TestCases.TC001_Get_All_Employee"/>
  <testcase name="checkserverType" time="0.001" classname="employeeApi_TestCases.TC001_Get_All_Employee"/>
  <testcase name="checkstatusLine" time="0.002" classname="employeeApi_TestCases.TC001_Get_All_Employee"/>
  <testcase name="checkResponseBody" time="0.003" classname="employeeApi_TestCases.TC002_Get_Single_Empdata">
    <failure type="java.lang.AssertionError" message="expected [true] but found [false]">
      <![CDATA[java.lang.AssertionError: expected [true] but found [false]
at employeeApi_TestCases.TC002_Get_Single_Empdata.checkResponseBody(TC002_Get_Single_Empdata.java:28)
... Removed 34 stack frames]]>
    </failure>
  </testcase> <!-- checkResponseBody -->
  <testcase name="checkResponseTime" time="0.0" classname="employeeApi_TestCases.TC002_Get_Single_Empdata"/>
  <testcase name="checkStatusCode" time="0.0" classname="employeeApi_TestCases.TC002_Get_Single_Empdata"/>
  <testcase name="checkContentType" time="0.001" classname="employeeApi_TestCases.TC003_Post_EmpRecord"/>
  <testcase name="checkResponseBody" time="0.001" classname="employeeApi_TestCases.TC003_Post_EmpRecord"/>
  <testcase name="checkStatusCode" time="0.0" classname="employeeApi_TestCases.TC003_Post_EmpRecord"/>
  <testcase name="checkserverType" time="0.0" classname="employeeApi_TestCases.TC003_Post_EmpRecord"/>
  <testcase name="checkContentType" time="0.001" classname="employeeApi_TestCases.TC004_Put_EmpRecord"/>
  <testcase name="checkResponseBody" time="0.001" classname="employeeApi_TestCases.TC004_Put_EmpRecord"/>
  <testcase name="checkStatusCode" time="0.0" classname="employeeApi_TestCases.TC004_Put_EmpRecord"/>
  <testcase name="checkserverType" time="0.0" classname="employeeApi_TestCases.TC004_Put_EmpRecord"/>
  <testcase name="checkContentType" time="0.0" classname="employeeApi_TestCases.TC005_Delete__EmpRecord"/>
  <testcase name="checkResponseBody" time="0.0" classname="employeeApi_TestCases.TC005_Delete__EmpRecord"/>
  <testcase name="checkStatusCode" time="0.001" classname="employeeApi_TestCases.TC005_Delete__EmpRecord"/>
  <testcase name="checkserverType" time="0.0" classname="employeeApi_TestCases.TC005_Delete__EmpRecord"/>
</testsuite> <!-- EmpRestAssuretTEst -->
