<?xml version="1.0" encoding="UTF-8"?>
<testsuite name="TestSuite" time="0.06" tests="23" errors="0" skipped="0" failures="1">
  <properties>
[...]
</properties>
  <testcase name="checkContentType" classname="employeeApi_TestCases.TC001_Get_All_Employee" time="0.004"/>
  <testcase name="checkCookies" classname="employeeApi_TestCases.TC001_Get_All_Employee" time="0.001"/>
  <testcase name="checkResponseBody" classname="employeeApi_TestCases.TC001_Get_All_Employee" time="0.025"/>
  <testcase name="checkResponseTime" classname="employeeApi_TestCases.TC001_Get_All_Employee" time="0.001"/>
  <testcase name="checkStatusCode" classname="employeeApi_TestCases.TC001_Get_All_Employee" time="0"/>
  <testcase name="checkcontentencoding" classname="employeeApi_TestCases.TC001_Get_All_Employee" time="0.001"/>
  <testcase name="checkserverType" classname="employeeApi_TestCases.TC001_Get_All_Employee" time="0.001"/>
  <testcase name="checkstatusLine" classname="employeeApi_TestCases.TC001_Get_All_Employee" time="0.002"/>
  <testcase name="checkResponseBody" classname="employeeApi_TestCases.TC002_Get_Single_Empdata" time="0.016">
    <failure message="expected [true] but found [false]" type="java.lang.AssertionError">java.lang.AssertionError: expected [true] but found [false]
	at org.testng.Assert.fail(Assert.java:96)
	at org.testng.Assert.failNotEquals(Assert.java:776)
	at org.testng.Assert.assertEqualsImpl(Assert.java:137)
	at org.testng.Assert.assertEquals(Assert.java:118)
	at org.testng.Assert.assertEquals(Assert.java:568)
	at org.testng.Assert.assertEquals(Assert.java:578)
	at employeeApi_TestCases.TC002_Get_Single_Empdata.checkResponseBody(TC002_Get_Single_Empdata.java:28)
</failure>
    <system-out><![CDATA[Body is : false
]]></system-out>
    <system-err><![CDATA[log4j:WARN No such property [maxFileSize] in org.apache.log4j.FileAppender.
log4j:WARN No such property [maxBackupIndex] in org.apache.log4j.FileAppender.
log4j:WARN No such property [maxBackupIndex] in org.apache.log4j.FileAppender.
log4j:WARN No such property [maxFileSize] in org.apache.log4j.FileAppender.
log4j:WARN File option not set for appender [dest1].
log4j:WARN Are you using FileAppender instead of ConsoleAppender?
]]></system-err>
  </testcase>
  <testcase name="checkResponseTime" classname="employeeApi_TestCases.TC002_Get_Single_Empdata" time="0.001"/>
  <testcase name="checkStatusCode" classname="employeeApi_TestCases.TC002_Get_Single_Empdata" time="0"/>
  <testcase name="checkContentType" classname="employeeApi_TestCases.TC003_Post_EmpRecord" time="0"/>
  <testcase name="checkResponseBody" classname="employeeApi_TestCases.TC003_Post_EmpRecord" time="0.001"/>
  <testcase name="checkStatusCode" classname="employeeApi_TestCases.TC003_Post_EmpRecord" time="0.001"/>
  <testcase name="checkserverType" classname="employeeApi_TestCases.TC003_Post_EmpRecord" time="0.001"/>
  <testcase name="checkContentType" classname="employeeApi_TestCases.TC004_Put_EmpRecord" time="0"/>
  <testcase name="checkResponseBody" classname="employeeApi_TestCases.TC004_Put_EmpRecord" time="0.002"/>
  <testcase name="checkStatusCode" classname="employeeApi_TestCases.TC004_Put_EmpRecord" time="0.001"/>
  <testcase name="checkserverType" classname="employeeApi_TestCases.TC004_Put_EmpRecord" time="0.001"/>
  <testcase name="checkContentType" classname="employeeApi_TestCases.TC005_Delete__EmpRecord" time="0"/>
  <testcase name="checkResponseBody" classname="employeeApi_TestCases.TC005_Delete__EmpRecord" time="0.001"/>
  <testcase name="checkStatusCode" classname="employeeApi_TestCases.TC005_Delete__EmpRecord" time="0"/>
  <testcase name="checkserverType" classname="employeeApi_TestCases.TC005_Delete__EmpRecord" time="0"/>
</testsuite>