<?xml version="1.0" encoding="UTF-8"?>
<testng-results skipped="0" failed="0" ignored="0" total="23" passed="23">
  <reporter-output>
  </reporter-output>
  <suite name="restassuredtestsuite" duration-ms="18104" started-at="2019-07-22T07:24:04Z" finished-at="2019-07-22T07:24:22Z">
    <groups>
    </groups>
    <test name="EmpRestAssuretTEst" duration-ms="18104" started-at="2019-07-22T07:24:04Z" finished-at="2019-07-22T07:24:22Z">
      <class name="employeeApi_TestCases.TC005_Delete__EmpRecord">
        <test-method status="PASS" signature="setup()[pri:0, instance:employeeApi_TestCases.TC005_Delete__EmpRecord@e25b2fe]" name="setup" is-config="true" duration-ms="10" started-at="2019-07-22T07:24:20Z" finished-at="2019-07-22T07:24:20Z">
          <reporter-output>
          </reporter-output>
        </test-method> <!-- setup -->
        <test-method status="PASS" signature="deleteEmp()[pri:0, instance:employeeApi_TestCases.TC005_Delete__EmpRecord@e25b2fe]" name="deleteEmp" is-config="true" duration-ms="2318" started-at="2019-07-22T07:24:20Z" finished-at="2019-07-22T07:24:22Z">
          <reporter-output>
          </reporter-output>
        </test-method> <!-- deleteEmp -->
        <test-method status="PASS" signature="checkResponseBody()[pri:0, instance:employeeApi_TestCases.TC005_Delete__EmpRecord@e25b2fe]" name="checkResponseBody" duration-ms="4" started-at="2019-07-22T07:24:22Z" finished-at="2019-07-22T07:24:22Z">
          <reporter-output>
          </reporter-output>
        </test-method> <!-- checkResponseBody -->
        <test-method status="PASS" signature="checkContentType()[pri:0, instance:employeeApi_TestCases.TC005_Delete__EmpRecord@e25b2fe]" name="checkContentType" duration-ms="0" started-at="2019-07-22T07:24:22Z" finished-at="2019-07-22T07:24:22Z">
          <reporter-output>
          </reporter-output>
        </test-method> <!-- checkContentType -->
        <test-method status="PASS" signature="checkStatusCode()[pri:0, instance:employeeApi_TestCases.TC005_Delete__EmpRecord@e25b2fe]" name="checkStatusCode" duration-ms="4" started-at="2019-07-22T07:24:22Z" finished-at="2019-07-22T07:24:22Z">
          <reporter-output>
          </reporter-output>
        </test-method> <!-- checkStatusCode -->
        <test-method status="PASS" signature="checkserverType()[pri:0, instance:employeeApi_TestCases.TC005_Delete__EmpRecord@e25b2fe]" name="checkserverType" duration-ms="4" started-at="2019-07-22T07:24:22Z" finished-at="2019-07-22T07:24:22Z">
          <reporter-output>
          </reporter-output>
        </test-method> <!-- checkserverType -->
        <test-method status="PASS" signature="tearDown()[pri:0, instance:employeeApi_TestCases.TC005_Delete__EmpRecord@e25b2fe]" name="tearDown" is-config="true" duration-ms="0" started-at="2019-07-22T07:24:22Z" finished-at="2019-07-22T07:24:22Z">
          <reporter-output>
          </reporter-output>
        </test-method> <!-- tearDown -->
      </class> <!-- employeeApi_TestCases.TC005_Delete__EmpRecord -->
      <class name="employeeApi_TestCases.TC003_Post_EmpRecord">
        <test-method status="PASS" signature="setup()[pri:0, instance:employeeApi_TestCases.TC003_Post_EmpRecord@77cd7a0]" name="setup" is-config="true" duration-ms="4" started-at="2019-07-22T07:24:08Z" finished-at="2019-07-22T07:24:08Z">
          <reporter-output>
          </reporter-output>
        </test-method> <!-- setup -->
        <test-method status="PASS" signature="createEmp()[pri:0, instance:employeeApi_TestCases.TC003_Post_EmpRecord@77cd7a0]" name="createEmp" is-config="true" duration-ms="5720" started-at="2019-07-22T07:24:08Z" finished-at="2019-07-22T07:24:14Z">
          <reporter-output>
          </reporter-output>
        </test-method> <!-- createEmp -->
        <test-method status="PASS" signature="checkContentType()[pri:0, instance:employeeApi_TestCases.TC003_Post_EmpRecord@77cd7a0]" name="checkContentType" duration-ms="0" started-at="2019-07-22T07:24:14Z" finished-at="2019-07-22T07:24:14Z">
          <reporter-output>
          </reporter-output>
        </test-method> <!-- checkContentType -->
        <test-method status="PASS" signature="checkResponseBody()[pri:0, instance:employeeApi_TestCases.TC003_Post_EmpRecord@77cd7a0]" name="checkResponseBody" duration-ms="0" started-at="2019-07-22T07:24:14Z" finished-at="2019-07-22T07:24:14Z">
          <reporter-output>
          </reporter-output>
        </test-method> <!-- checkResponseBody -->
        <test-method status="PASS" signature="checkStatusCode()[pri:0, instance:employeeApi_TestCases.TC003_Post_EmpRecord@77cd7a0]" name="checkStatusCode" duration-ms="0" started-at="2019-07-22T07:24:14Z" finished-at="2019-07-22T07:24:14Z">
          <reporter-output>
          </reporter-output>
        </test-method> <!-- checkStatusCode -->
        <test-method status="PASS" signature="checkserverType()[pri:0, instance:employeeApi_TestCases.TC003_Post_EmpRecord@77cd7a0]" name="checkserverType" duration-ms="0" started-at="2019-07-22T07:24:14Z" finished-at="2019-07-22T07:24:14Z">
          <reporter-output>
          </reporter-output>
        </test-method> <!-- checkserverType -->
        <test-method status="PASS" signature="tearDown()[pri:0, instance:employeeApi_TestCases.TC003_Post_EmpRecord@77cd7a0]" name="tearDown" is-config="true" duration-ms="0" started-at="2019-07-22T07:24:14Z" finished-at="2019-07-22T07:24:14Z">
          <reporter-output>
          </reporter-output>
        </test-method> <!-- tearDown -->
      </class> <!-- employeeApi_TestCases.TC003_Post_EmpRecord -->
      <class name="employeeApi_TestCases.TC001_Get_All_Employee">
        <test-method status="PASS" signature="setup()[pri:0, instance:employeeApi_TestCases.TC001_Get_All_Employee@1a968a59]" name="setup" is-config="true" duration-ms="35" started-at="2019-07-22T07:24:04Z" finished-at="2019-07-22T07:24:04Z">
          <reporter-output>
          </reporter-output>
        </test-method> <!-- setup -->
        <test-method status="PASS" signature="getAllEmployees()[pri:0, instance:employeeApi_TestCases.TC001_Get_All_Employee@1a968a59]" name="getAllEmployees" is-config="true" duration-ms="3132" started-at="2019-07-22T07:24:04Z" finished-at="2019-07-22T07:24:08Z">
          <reporter-output>
          </reporter-output>
        </test-method> <!-- getAllEmployees -->
        <test-method status="PASS" signature="checkContentType()[pri:0, instance:employeeApi_TestCases.TC001_Get_All_Employee@1a968a59]" name="checkContentType" duration-ms="12" started-at="2019-07-22T07:24:08Z" finished-at="2019-07-22T07:24:08Z">
          <reporter-output>
          </reporter-output>
        </test-method> <!-- checkContentType -->
        <test-method status="PASS" signature="checkCookies()[pri:0, instance:employeeApi_TestCases.TC001_Get_All_Employee@1a968a59]" name="checkCookies" duration-ms="4" started-at="2019-07-22T07:24:08Z" finished-at="2019-07-22T07:24:08Z">
          <reporter-output>
          </reporter-output>
        </test-method> <!-- checkCookies -->
        <test-method status="PASS" signature="checkResponseBody()[pri:0, instance:employeeApi_TestCases.TC001_Get_All_Employee@1a968a59]" name="checkResponseBody" duration-ms="56" started-at="2019-07-22T07:24:08Z" finished-at="2019-07-22T07:24:08Z">
          <reporter-output>
          </reporter-output>
        </test-method> <!-- checkResponseBody -->
        <test-method status="PASS" signature="checkResponseTime()[pri:0, instance:employeeApi_TestCases.TC001_Get_All_Employee@1a968a59]" name="checkResponseTime" duration-ms="12" started-at="2019-07-22T07:24:08Z" finished-at="2019-07-22T07:24:08Z">
          <reporter-output>
          </reporter-output>
        </test-method> <!-- checkResponseTime -->
        <test-method status="PASS" signature="checkStatusCode()[pri:0, instance:employeeApi_TestCases.TC001_Get_All_Employee@1a968a59]" name="checkStatusCode" duration-ms="4" started-at="2019-07-22T07:24:08Z" finished-at="2019-07-22T07:24:08Z">
          <reporter-output>
          </reporter-output>
        </test-method> <!-- checkStatusCode -->
        <test-method status="PASS" signature="checkcontentencoding()[pri:0, instance:employeeApi_TestCases.TC001_Get_All_Employee@1a968a59]" name="checkcontentencoding" duration-ms="4" started-at="2019-07-22T07:24:08Z" finished-at="2019-07-22T07:24:08Z">
          <reporter-output>
          </reporter-output>
        </test-method> <!-- checkcontentencoding -->
        <test-method status="PASS" signature="checkserverType()[pri:0, instance:employeeApi_TestCases.TC001_Get_All_Employee@1a968a59]" name="checkserverType" duration-ms="4" started-at="2019-07-22T07:24:08Z" finished-at="2019-07-22T07:24:08Z">
          <reporter-output>
          </reporter-output>
        </test-method> <!-- checkserverType -->
        <test-method status="PASS" signature="checkstatusLine()[pri:0, instance:employeeApi_TestCases.TC001_Get_All_Employee@1a968a59]" name="checkstatusLine" duration-ms="4" started-at="2019-07-22T07:24:08Z" finished-at="2019-07-22T07:24:08Z">
          <reporter-output>
          </reporter-output>
        </test-method> <!-- checkstatusLine -->
        <test-method status="PASS" signature="tearDown()[pri:0, instance:employeeApi_TestCases.TC001_Get_All_Employee@1a968a59]" name="tearDown" is-config="true" duration-ms="4" started-at="2019-07-22T07:24:08Z" finished-at="2019-07-22T07:24:08Z">
          <reporter-output>
          </reporter-output>
        </test-method> <!-- tearDown -->
      </class> <!-- employeeApi_TestCases.TC001_Get_All_Employee -->
      <class name="employeeApi_TestCases.TC004_Put_EmpRecord">
        <test-method status="PASS" signature="setup()[pri:0, instance:employeeApi_TestCases.TC004_Put_EmpRecord@204f30ec]" name="setup" is-config="true" duration-ms="11" started-at="2019-07-22T07:24:14Z" finished-at="2019-07-22T07:24:14Z">
          <reporter-output>
          </reporter-output>
        </test-method> <!-- setup -->
        <test-method status="PASS" signature="updateEmp()[pri:0, instance:employeeApi_TestCases.TC004_Put_EmpRecord@204f30ec]" name="updateEmp" is-config="true" duration-ms="5674" started-at="2019-07-22T07:24:14Z" finished-at="2019-07-22T07:24:20Z">
          <reporter-output>
          </reporter-output>
        </test-method> <!-- updateEmp -->
        <test-method status="PASS" signature="checkContentType()[pri:0, instance:employeeApi_TestCases.TC004_Put_EmpRecord@204f30ec]" name="checkContentType" duration-ms="0" started-at="2019-07-22T07:24:20Z" finished-at="2019-07-22T07:24:20Z">
          <reporter-output>
          </reporter-output>
        </test-method> <!-- checkContentType -->
        <test-method status="PASS" signature="checkResponseBody()[pri:0, instance:employeeApi_TestCases.TC004_Put_EmpRecord@204f30ec]" name="checkResponseBody" duration-ms="8" started-at="2019-07-22T07:24:20Z" finished-at="2019-07-22T07:24:20Z">
          <reporter-output>
          </reporter-output>
        </test-method> <!-- checkResponseBody -->
        <test-method status="PASS" signature="checkStatusCode()[pri:0, instance:employeeApi_TestCases.TC004_Put_EmpRecord@204f30ec]" name="checkStatusCode" duration-ms="4" started-at="2019-07-22T07:24:20Z" finished-at="2019-07-22T07:24:20Z">
          <reporter-output>
          </reporter-output>
        </test-method> <!-- checkStatusCode -->
        <test-method status="PASS" signature="checkserverType()[pri:0, instance:employeeApi_TestCases.TC004_Put_EmpRecord@204f30ec]" name="checkserverType" duration-ms="0" started-at="2019-07-22T07:24:20Z" finished-at="2019-07-22T07:24:20Z">
          <reporter-output>
          </reporter-output>
        </test-method> <!-- checkserverType -->
        <test-method status="PASS" signature="tearDown()[pri:0, instance:employeeApi_TestCases.TC004_Put_EmpRecord@204f30ec]" name="tearDown" is-config="true" duration-ms="0" started-at="2019-07-22T07:24:20Z" finished-at="2019-07-22T07:24:20Z">
          <reporter-output>
          </reporter-output>
        </test-method> <!-- tearDown -->
      </class> <!-- employeeApi_TestCases.TC004_Put_EmpRecord -->
      <class name="employeeApi_TestCases.TC002_Get_Single_Empdata">
        <test-method status="PASS" signature="setup()[pri:0, instance:employeeApi_TestCases.TC002_Get_Single_Empdata@4667ae56]" name="setup" is-config="true" duration-ms="6" started-at="2019-07-22T07:24:08Z" finished-at="2019-07-22T07:24:08Z">
          <reporter-output>
          </reporter-output>
        </test-method> <!-- setup -->
        <test-method status="PASS" signature="getsingleEmployees()[pri:0, instance:employeeApi_TestCases.TC002_Get_Single_Empdata@4667ae56]" name="getsingleEmployees" is-config="true" duration-ms="663" started-at="2019-07-22T07:24:08Z" finished-at="2019-07-22T07:24:08Z">
          <reporter-output>
          </reporter-output>
        </test-method> <!-- getsingleEmployees -->
        <test-method status="PASS" signature="checkResponseBody()[pri:0, instance:employeeApi_TestCases.TC002_Get_Single_Empdata@4667ae56]" name="checkResponseBody" duration-ms="0" started-at="2019-07-22T07:24:08Z" finished-at="2019-07-22T07:24:08Z">
          <reporter-output>
          </reporter-output>
        </test-method> <!-- checkResponseBody -->
        <test-method status="PASS" signature="checkResponseTime()[pri:0, instance:employeeApi_TestCases.TC002_Get_Single_Empdata@4667ae56]" name="checkResponseTime" duration-ms="1" started-at="2019-07-22T07:24:08Z" finished-at="2019-07-22T07:24:08Z">
          <reporter-output>
          </reporter-output>
        </test-method> <!-- checkResponseTime -->
        <test-method status="PASS" signature="checkStatusCode()[pri:0, instance:employeeApi_TestCases.TC002_Get_Single_Empdata@4667ae56]" name="checkStatusCode" duration-ms="0" started-at="2019-07-22T07:24:08Z" finished-at="2019-07-22T07:24:08Z">
          <reporter-output>
          </reporter-output>
        </test-method> <!-- checkStatusCode -->
      </class> <!-- employeeApi_TestCases.TC002_Get_Single_Empdata -->
    </test> <!-- EmpRestAssuretTEst -->
  </suite> <!-- restassuredtestsuite -->
</testng-results>
