<?xml version="1.0" encoding="UTF-8"?>
<!-- Generated by org.testng.reporters.JUnitXMLReporter -->
<testsuite hostname="Pongi-Dell" ignored="0" name="restassuredtests" tests="23" failures="0" timestamp="22 Jul 2019 06:45:46 GMT" time="17.223" errors="0">
  <testcase name="checkContentType" time="0.007" classname="employeeApi_TestCases.TC001_Get_All_Employee"/>
  <testcase name="checkCookies" time="0.004" classname="employeeApi_TestCases.TC001_Get_All_Employee"/>
  <testcase name="checkResponseBody" time="0.045" classname="employeeApi_TestCases.TC001_Get_All_Employee"/>
  <testcase name="checkResponseTime" time="0.004" classname="employeeApi_TestCases.TC001_Get_All_Employee"/>
  <testcase name="checkStatusCode" time="0.003" classname="employeeApi_TestCases.TC001_Get_All_Employee"/>
  <testcase name="checkcontentencoding" time="0.003" classname="employeeApi_TestCases.TC001_Get_All_Employee"/>
  <testcase name="checkserverType" time="0.005" classname="employeeApi_TestCases.TC001_Get_All_Employee"/>
  <testcase name="checkstatusLine" time="0.107" classname="employeeApi_TestCases.TC001_Get_All_Employee"/>
  <testcase name="checkResponseBody" time="0.006" classname="employeeApi_TestCases.TC002_Get_Single_Empdata"/>
  <testcase name="checkResponseTime" time="0.004" classname="employeeApi_TestCases.TC002_Get_Single_Empdata"/>
  <testcase name="checkStatusCode" time="0.003" classname="employeeApi_TestCases.TC002_Get_Single_Empdata"/>
  <testcase name="checkContentType" time="0.003" classname="employeeApi_TestCases.TC003_Post_EmpRecord"/>
  <testcase name="checkResponseBody" time="0.007" classname="employeeApi_TestCases.TC003_Post_EmpRecord"/>
  <testcase name="checkStatusCode" time="0.008" classname="employeeApi_TestCases.TC003_Post_EmpRecord"/>
  <testcase name="checkserverType" time="0.002" classname="employeeApi_TestCases.TC003_Post_EmpRecord"/>
  <testcase name="checkContentType" time="0.002" classname="employeeApi_TestCases.TC004_Put_EmpRecord"/>
  <testcase name="checkResponseBody" time="0.004" classname="employeeApi_TestCases.TC004_Put_EmpRecord"/>
  <testcase name="checkStatusCode" time="0.002" classname="employeeApi_TestCases.TC004_Put_EmpRecord"/>
  <testcase name="checkserverType" time="0.004" classname="employeeApi_TestCases.TC004_Put_EmpRecord"/>
  <testcase name="checkContentType" time="0.002" classname="employeeApi_TestCases.TC005_Delete__EmpRecord"/>
  <testcase name="checkResponseBody" time="0.003" classname="employeeApi_TestCases.TC005_Delete__EmpRecord"/>
  <testcase name="checkStatusCode" time="0.002" classname="employeeApi_TestCases.TC005_Delete__EmpRecord"/>
  <testcase name="checkserverType" time="0.003" classname="employeeApi_TestCases.TC005_Delete__EmpRecord"/>
</testsuite> <!-- restassuredtests -->
